<?xml version="1.0" encoding="UTF-8"?>
<!-- Generated by org.testng.reporters.JUnitReportReporter -->
<testsuite skipped="0" hostname="Ranjitha-PC" name="testrunners.BookHotelTest" tests="1" failures="0" timestamp="17 Oct 2022 11:14:55 GMT" time="129.500" errors="0">
  <testcase name="feature" time="129.500" classname="testrunners.BookHotelTest"/>
</testsuite> <!-- testrunners.BookHotelTest -->
